-------------------------------------------------------------------------------
Test set: LoggerExercise.LoggerTest
-------------------------------------------------------------------------------
Tests run: 3, Failures: 1, Errors: 0, Skipped: 0, Time elapsed: 0.02 s <<< FAILURE! - in LoggerExercise.LoggerTest
createInstanceTest(LoggerExercise.LoggerTest)  Time elapsed: 0.005 s  <<< FAILURE!
java.lang.AssertionError: expected null, but was:<LoggerExercise.Logger@9629756>
	at LoggerExercise.LoggerTest.createInstanceTest(LoggerTest.java:30)

