<?xml version="1.0" encoding="UTF-8"?>
<testsuite xmlns:xsi="http://www.w3.org/2001/XMLSchema-instance" xsi:noNamespaceSchemaLocation="https://maven.apache.org/surefire/maven-surefire-plugin/xsd/surefire-test-report.xsd" name="LoggerExercise.LoggerTest" time="0.02" tests="3" errors="0" skipped="0" failures="1">
  <properties>
[...]
</properties>
  <testcase name="writeTest" classname="LoggerExercise.LoggerTest" time="0.006"/>
  <testcase name="createInstanceTest" classname="LoggerExercise.LoggerTest" time="0.005">
    <failure message="expected null, but was:&lt;LoggerExercise.Logger@9629756&gt;" type="java.lang.AssertionError"><![CDATA[java.lang.AssertionError: expected null, but was:<LoggerExercise.Logger@9629756>
	at LoggerExercise.LoggerTest.createInstanceTest(LoggerTest.java:30)
]]></failure>
  </testcase>
  <testcase name="noPublicConstructorTest" classname="LoggerExercise.LoggerTest" time="0"/>
</testsuite>